
> web@0.1.0 dev
> next dev

   ▲ Next.js 16.0.10 (Turbopack)
   - Local:         http://localhost:3000
   - Network:       http://192.168.4.56:3000

 ✓ Starting...
Attention: Next.js now collects completely anonymous telemetry regarding usage.
This information is used to shape Next.js' roadmap and prioritize features.
You can learn more, including how to opt-out if you'd not like to participate in this anonymous program, by visiting the following URL:
https://nextjs.org/telemetry

 ✓ Ready in 792ms
 GET / 200 in 1751ms (compile: 1600ms, render: 151ms)
 ✓ Compiled in 30ms
 ✓ Compiled in 19ms
 ✓ Compiled in 34ms
 ✓ Compiled in 18ms
 ✓ Compiled in 31ms
 ✓ Compiled in 30ms
 ✓ Compiled in 31ms
 ✓ Compiled in 28ms
 ✓ Compiled in 22ms
 ✓ Compiled in 27ms
 ✓ Compiled in 26ms
 ✓ Compiled in 19ms
 GET / 200 in 125ms (compile: 51ms, render: 73ms)
 ✓ Compiled in 31ms
 ✓ Compiled in 20ms
 ✓ Compiled in 31ms
 ✓ Compiled in 25ms
 ✓ Compiled in 22ms
 ✓ Compiled in 25ms
 ✓ Compiled in 24ms
 ✓ Compiled in 36ms
 GET / 200 in 99ms (compile: 55ms, render: 44ms)
 ✓ Compiled in 26ms
 ✓ Compiled in 32ms
 ✓ Compiled in 34ms
